[INFO ] 2022-12-30 16:34:42.360 [main] SeleniumAzureDevOps - I am in onStart method Test
[INFO ] 2022-12-30 16:34:49.114 [main] SeleniumAzureDevOps - Login test is starting.
[INFO ] 2022-12-30 16:34:49.632 [main] SeleniumAzureDevOps - Login test is succeed.
[INFO ] 2022-12-30 16:35:00.459 [main] SeleniumAzureDevOps - CheckProductaddedToCard test is starting.
[INFO ] 2022-12-30 16:35:01.305 [main] SeleniumAzureDevOps - CheckProductaddedToCard test is succeed.
[INFO ] 2022-12-30 16:35:01.627 [main] SeleniumAzureDevOps - I am in onFinish method Test
[INFO ] 2022-12-30 16:37:44.845 [main] SeleniumAzureDevOps - I am in onStart method Test
[INFO ] 2022-12-30 16:37:50.095 [main] SeleniumAzureDevOps - Login test is starting.
[INFO ] 2022-12-30 16:37:50.633 [main] SeleniumAzureDevOps - Login test is succeed.
[INFO ] 2022-12-30 16:37:58.894 [main] SeleniumAzureDevOps - CheckProductaddedToCard test is starting.
[INFO ] 2022-12-30 16:37:59.883 [main] SeleniumAzureDevOps - CheckProductaddedToCard test is succeed.
[INFO ] 2022-12-30 16:38:00.156 [main] SeleniumAzureDevOps - I am in onFinish method Test
[INFO ] 2022-12-30 21:15:03.719 [main] SeleniumAzureDevOps - I am in onStart method Test
[INFO ] 2022-12-30 21:15:09.774 [main] SeleniumAzureDevOps - Login test is starting.
[INFO ] 2022-12-30 21:15:10.174 [main] SeleniumAzureDevOps - Login test is succeed.
[INFO ] 2022-12-30 21:15:18.476 [main] SeleniumAzureDevOps - CheckProductaddedToCard test is starting.
[INFO ] 2022-12-30 21:15:19.142 [main] SeleniumAzureDevOps - CheckProductaddedToCard test is succeed.
[INFO ] 2022-12-30 21:15:19.351 [main] SeleniumAzureDevOps - I am in onFinish method Test
[INFO ] 2022-12-31 13:48:52.974 [main] SeleniumAzureDevOps - I am in onStart method Test
[INFO ] 2022-12-31 13:48:57.891 [main] SeleniumAzureDevOps - LoginTest test is starting.
[INFO ] 2022-12-31 13:48:58.189 [main] SeleniumAzureDevOps - LoginTest test is failed.
[INFO ] 2022-12-31 13:49:07.133 [main] SeleniumAzureDevOps - LoginTest test is starting.
[INFO ] 2022-12-31 13:49:07.415 [main] SeleniumAzureDevOps - LoginTest test is failed.
[INFO ] 2022-12-31 13:49:15.919 [main] SeleniumAzureDevOps - LoginTest test is starting.
[INFO ] 2022-12-31 13:49:16.367 [main] SeleniumAzureDevOps - LoginTest test is failed.
[INFO ] 2022-12-31 13:49:24.218 [main] SeleniumAzureDevOps - LoginTest test is starting.
[INFO ] 2022-12-31 13:49:24.503 [main] SeleniumAzureDevOps - LoginTest test is failed.
[INFO ] 2022-12-31 13:49:32.932 [main] SeleniumAzureDevOps - LoginTest test is starting.
[INFO ] 2022-12-31 13:49:33.227 [main] SeleniumAzureDevOps - LoginTest test is failed.
[INFO ] 2022-12-31 13:49:42.595 [main] SeleniumAzureDevOps - CheckProductaddedToCard test is starting.
[INFO ] 2022-12-31 13:49:47.846 [main] SeleniumAzureDevOps - CheckProductaddedToCard test is succeed.
[INFO ] 2022-12-31 13:49:48.078 [main] SeleniumAzureDevOps - I am in onFinish method Test
[INFO ] 2022-12-31 13:53:19.003 [main] SeleniumAzureDevOps - I am in onStart method Test
[INFO ] 2022-12-31 13:53:23.973 [main] SeleniumAzureDevOps - LoginTest test is starting.
[INFO ] 2022-12-31 13:53:24.337 [main] SeleniumAzureDevOps - LoginTest test is failed.
[INFO ] 2022-12-31 13:53:32.696 [main] SeleniumAzureDevOps - LoginTest test is starting.
[INFO ] 2022-12-31 13:53:33.071 [main] SeleniumAzureDevOps - LoginTest test is failed.
[INFO ] 2022-12-31 13:53:41.440 [main] SeleniumAzureDevOps - LoginTest test is starting.
[INFO ] 2022-12-31 13:53:41.743 [main] SeleniumAzureDevOps - LoginTest test is failed.
[INFO ] 2022-12-31 13:53:50.099 [main] SeleniumAzureDevOps - LoginTest test is starting.
[INFO ] 2022-12-31 13:53:50.397 [main] SeleniumAzureDevOps - LoginTest test is failed.
[INFO ] 2022-12-31 13:53:57.708 [main] SeleniumAzureDevOps - LoginTest test is starting.
[INFO ] 2022-12-31 13:53:57.970 [main] SeleniumAzureDevOps - LoginTest test is failed.
[INFO ] 2022-12-31 13:54:06.051 [main] SeleniumAzureDevOps - CheckProductaddedToCard test is starting.
[INFO ] 2022-12-31 13:54:11.237 [main] SeleniumAzureDevOps - CheckProductaddedToCard test is succeed.
[INFO ] 2022-12-31 13:54:11.617 [main] SeleniumAzureDevOps - I am in onFinish method Test
[INFO ] 2022-12-31 13:59:49.635 [main] SeleniumAzureDevOps - I am in onStart method Test
[INFO ] 2022-12-31 13:59:53.723 [main] SeleniumAzureDevOps - LoginTest test is starting.
[INFO ] 2022-12-31 13:59:54.379 [main] SeleniumAzureDevOps - LoginTest test is failed.
[INFO ] 2022-12-31 14:00:02.241 [main] SeleniumAzureDevOps - LoginTest test is starting.
[INFO ] 2022-12-31 14:00:22.653 [main] SeleniumAzureDevOps - LoginTest test is failed.
[INFO ] 2022-12-31 14:00:30.876 [main] SeleniumAzureDevOps - LoginTest test is starting.
[INFO ] 2022-12-31 14:00:51.200 [main] SeleniumAzureDevOps - LoginTest test is failed.
[INFO ] 2022-12-31 14:00:59.426 [main] SeleniumAzureDevOps - LoginTest test is starting.
[INFO ] 2022-12-31 14:01:19.740 [main] SeleniumAzureDevOps - LoginTest test is failed.
[INFO ] 2022-12-31 14:01:30.071 [main] SeleniumAzureDevOps - LoginTest test is starting.
[INFO ] 2022-12-31 14:01:50.397 [main] SeleniumAzureDevOps - LoginTest test is failed.
[INFO ] 2022-12-31 14:01:58.848 [main] SeleniumAzureDevOps - CheckProductaddedToCard test is starting.
[INFO ] 2022-12-31 14:02:03.615 [main] SeleniumAzureDevOps - CheckProductaddedToCard test is succeed.
[INFO ] 2022-12-31 14:02:03.827 [main] SeleniumAzureDevOps - I am in onFinish method Test
